{"/Users/hopetambala/Documents/development/nonprofit/puente-node-cloudcode/_tests_/env.config.js": {"path":"/Users/hopetambala/Documents/development/nonprofit/puente-node-cloudcode/_tests_/env.config.js","statementMap":{"0":{"start":{"line":1,"column":0},"end":{"line":6,"column":2}}},"fnMap":{},"branchMap":{},"s":{"0":2},"f":{},"b":{},"_coverageSchema":"1a1c01bbd47fc00a2c39e90264f33305004495a9","hash":"c3d3ccc9cc97d11671c833837b9a44550579d0e5"}
,"/Users/hopetambala/Documents/development/nonprofit/puente-node-cloudcode/_tests_/run-cloud.js": {"path":"/Users/hopetambala/Documents/development/nonprofit/puente-node-cloudcode/_tests_/run-cloud.js","statementMap":{"0":{"start":{"line":1,"column":18},"end":{"line":1,"column":39}},"1":{"start":{"line":2,"column":76},"end":{"line":2,"column":99}},"2":{"start":{"line":4,"column":0},"end":{"line":12,"column":1}},"3":{"start":{"line":5,"column":2},"end":{"line":5,"column":55}},"4":{"start":{"line":6,"column":2},"end":{"line":6,"column":37}},"5":{"start":{"line":10,"column":2},"end":{"line":10,"column":33}},"6":{"start":{"line":11,"column":2},"end":{"line":11,"column":37}},"7":{"start":{"line":14,"column":23},"end":{"line":77,"column":1}},"8":{"start":{"line":15,"column":22},"end":{"line":18,"column":28}},"9":{"start":{"line":17,"column":19},"end":{"line":17,"column":27}},"10":{"start":{"line":18,"column":20},"end":{"line":18,"column":27}},"11":{"start":{"line":19,"column":39},"end":{"line":22,"column":24}},"12":{"start":{"line":21,"column":24},"end":{"line":21,"column":32}},"13":{"start":{"line":22,"column":20},"end":{"line":22,"column":23}},"14":{"start":{"line":23,"column":51},"end":{"line":26,"column":24}},"15":{"start":{"line":25,"column":24},"end":{"line":25,"column":32}},"16":{"start":{"line":26,"column":20},"end":{"line":26,"column":23}},"17":{"start":{"line":27,"column":54},"end":{"line":30,"column":24}},"18":{"start":{"line":29,"column":24},"end":{"line":29,"column":32}},"19":{"start":{"line":30,"column":20},"end":{"line":30,"column":23}},"20":{"start":{"line":31,"column":35},"end":{"line":34,"column":24}},"21":{"start":{"line":33,"column":24},"end":{"line":33,"column":32}},"22":{"start":{"line":34,"column":20},"end":{"line":34,"column":23}},"23":{"start":{"line":35,"column":43},"end":{"line":38,"column":24}},"24":{"start":{"line":37,"column":24},"end":{"line":37,"column":32}},"25":{"start":{"line":38,"column":20},"end":{"line":38,"column":23}},"26":{"start":{"line":39,"column":33},"end":{"line":44,"column":28}},"27":{"start":{"line":42,"column":6},"end":{"line":42,"column":16}},"28":{"start":{"line":44,"column":20},"end":{"line":44,"column":27}},"29":{"start":{"line":45,"column":31},"end":{"line":48,"column":28}},"30":{"start":{"line":47,"column":24},"end":{"line":47,"column":32}},"31":{"start":{"line":48,"column":20},"end":{"line":48,"column":27}},"32":{"start":{"line":49,"column":29},"end":{"line":52,"column":28}},"33":{"start":{"line":51,"column":24},"end":{"line":51,"column":37}},"34":{"start":{"line":52,"column":20},"end":{"line":52,"column":27}},"35":{"start":{"line":53,"column":22},"end":{"line":56,"column":30}},"36":{"start":{"line":55,"column":24},"end":{"line":55,"column":32}},"37":{"start":{"line":56,"column":22},"end":{"line":56,"column":29}},"38":{"start":{"line":57,"column":22},"end":{"line":60,"column":30}},"39":{"start":{"line":59,"column":24},"end":{"line":59,"column":32}},"40":{"start":{"line":60,"column":22},"end":{"line":60,"column":29}},"41":{"start":{"line":61,"column":23},"end":{"line":64,"column":30}},"42":{"start":{"line":63,"column":24},"end":{"line":63,"column":32}},"43":{"start":{"line":64,"column":22},"end":{"line":64,"column":29}},"44":{"start":{"line":65,"column":30},"end":{"line":68,"column":30}},"45":{"start":{"line":67,"column":24},"end":{"line":67,"column":32}},"46":{"start":{"line":68,"column":22},"end":{"line":68,"column":29}},"47":{"start":{"line":69,"column":27},"end":{"line":72,"column":30}},"48":{"start":{"line":71,"column":24},"end":{"line":71,"column":32}},"49":{"start":{"line":72,"column":22},"end":{"line":72,"column":29}},"50":{"start":{"line":73,"column":19},"end":{"line":76,"column":28}},"51":{"start":{"line":75,"column":19},"end":{"line":75,"column":27}},"52":{"start":{"line":76,"column":20},"end":{"line":76,"column":27}},"53":{"start":{"line":79,"column":0},"end":{"line":79,"column":36}}},"fnMap":{"0":{"name":"(anonymous_0)","decl":{"start":{"line":15,"column":9},"end":{"line":15,"column":10}},"loc":{"start":{"line":15,"column":22},"end":{"line":18,"column":28}},"line":15},"1":{"name":"(anonymous_1)","decl":{"start":{"line":17,"column":10},"end":{"line":17,"column":11}},"loc":{"start":{"line":17,"column":19},"end":{"line":17,"column":27}},"line":17},"2":{"name":"(anonymous_2)","decl":{"start":{"line":18,"column":11},"end":{"line":18,"column":12}},"loc":{"start":{"line":18,"column":20},"end":{"line":18,"column":27}},"line":18},"3":{"name":"(anonymous_3)","decl":{"start":{"line":19,"column":22},"end":{"line":19,"column":23}},"loc":{"start":{"line":19,"column":39},"end":{"line":22,"column":24}},"line":19},"4":{"name":"(anonymous_4)","decl":{"start":{"line":21,"column":10},"end":{"line":21,"column":11}},"loc":{"start":{"line":21,"column":24},"end":{"line":21,"column":32}},"line":21},"5":{"name":"(anonymous_5)","decl":{"start":{"line":22,"column":11},"end":{"line":22,"column":12}},"loc":{"start":{"line":22,"column":20},"end":{"line":22,"column":23}},"line":22},"6":{"name":"(anonymous_6)","decl":{"start":{"line":23,"column":34},"end":{"line":23,"column":35}},"loc":{"start":{"line":23,"column":51},"end":{"line":26,"column":24}},"line":23},"7":{"name":"(anonymous_7)","decl":{"start":{"line":25,"column":10},"end":{"line":25,"column":11}},"loc":{"start":{"line":25,"column":24},"end":{"line":25,"column":32}},"line":25},"8":{"name":"(anonymous_8)","decl":{"start":{"line":26,"column":11},"end":{"line":26,"column":12}},"loc":{"start":{"line":26,"column":20},"end":{"line":26,"column":23}},"line":26},"9":{"name":"(anonymous_9)","decl":{"start":{"line":27,"column":37},"end":{"line":27,"column":38}},"loc":{"start":{"line":27,"column":54},"end":{"line":30,"column":24}},"line":27},"10":{"name":"(anonymous_10)","decl":{"start":{"line":29,"column":10},"end":{"line":29,"column":11}},"loc":{"start":{"line":29,"column":24},"end":{"line":29,"column":32}},"line":29},"11":{"name":"(anonymous_11)","decl":{"start":{"line":30,"column":11},"end":{"line":30,"column":12}},"loc":{"start":{"line":30,"column":20},"end":{"line":30,"column":23}},"line":30},"12":{"name":"(anonymous_12)","decl":{"start":{"line":31,"column":16},"end":{"line":31,"column":17}},"loc":{"start":{"line":31,"column":35},"end":{"line":34,"column":24}},"line":31},"13":{"name":"(anonymous_13)","decl":{"start":{"line":33,"column":10},"end":{"line":33,"column":11}},"loc":{"start":{"line":33,"column":24},"end":{"line":33,"column":32}},"line":33},"14":{"name":"(anonymous_14)","decl":{"start":{"line":34,"column":11},"end":{"line":34,"column":12}},"loc":{"start":{"line":34,"column":20},"end":{"line":34,"column":23}},"line":34},"15":{"name":"(anonymous_15)","decl":{"start":{"line":35,"column":24},"end":{"line":35,"column":25}},"loc":{"start":{"line":35,"column":43},"end":{"line":38,"column":24}},"line":35},"16":{"name":"(anonymous_16)","decl":{"start":{"line":37,"column":10},"end":{"line":37,"column":11}},"loc":{"start":{"line":37,"column":24},"end":{"line":37,"column":32}},"line":37},"17":{"name":"(anonymous_17)","decl":{"start":{"line":38,"column":11},"end":{"line":38,"column":12}},"loc":{"start":{"line":38,"column":20},"end":{"line":38,"column":23}},"line":38},"18":{"name":"(anonymous_18)","decl":{"start":{"line":39,"column":16},"end":{"line":39,"column":17}},"loc":{"start":{"line":39,"column":33},"end":{"line":44,"column":28}},"line":39},"19":{"name":"(anonymous_19)","decl":{"start":{"line":41,"column":10},"end":{"line":41,"column":11}},"loc":{"start":{"line":41,"column":17},"end":{"line":43,"column":5}},"line":41},"20":{"name":"(anonymous_20)","decl":{"start":{"line":44,"column":11},"end":{"line":44,"column":12}},"loc":{"start":{"line":44,"column":20},"end":{"line":44,"column":27}},"line":44},"21":{"name":"(anonymous_21)","decl":{"start":{"line":45,"column":14},"end":{"line":45,"column":15}},"loc":{"start":{"line":45,"column":31},"end":{"line":48,"column":28}},"line":45},"22":{"name":"(anonymous_22)","decl":{"start":{"line":47,"column":10},"end":{"line":47,"column":11}},"loc":{"start":{"line":47,"column":24},"end":{"line":47,"column":32}},"line":47},"23":{"name":"(anonymous_23)","decl":{"start":{"line":48,"column":11},"end":{"line":48,"column":12}},"loc":{"start":{"line":48,"column":20},"end":{"line":48,"column":27}},"line":48},"24":{"name":"(anonymous_24)","decl":{"start":{"line":49,"column":12},"end":{"line":49,"column":13}},"loc":{"start":{"line":49,"column":29},"end":{"line":52,"column":28}},"line":49},"25":{"name":"(anonymous_25)","decl":{"start":{"line":51,"column":10},"end":{"line":51,"column":11}},"loc":{"start":{"line":51,"column":24},"end":{"line":51,"column":37}},"line":51},"26":{"name":"(anonymous_26)","decl":{"start":{"line":52,"column":11},"end":{"line":52,"column":12}},"loc":{"start":{"line":52,"column":20},"end":{"line":52,"column":27}},"line":52},"27":{"name":"(anonymous_27)","decl":{"start":{"line":53,"column":10},"end":{"line":53,"column":11}},"loc":{"start":{"line":53,"column":22},"end":{"line":56,"column":30}},"line":53},"28":{"name":"(anonymous_28)","decl":{"start":{"line":55,"column":10},"end":{"line":55,"column":11}},"loc":{"start":{"line":55,"column":24},"end":{"line":55,"column":32}},"line":55},"29":{"name":"(anonymous_29)","decl":{"start":{"line":56,"column":11},"end":{"line":56,"column":12}},"loc":{"start":{"line":56,"column":22},"end":{"line":56,"column":29}},"line":56},"30":{"name":"(anonymous_30)","decl":{"start":{"line":57,"column":10},"end":{"line":57,"column":11}},"loc":{"start":{"line":57,"column":22},"end":{"line":60,"column":30}},"line":57},"31":{"name":"(anonymous_31)","decl":{"start":{"line":59,"column":10},"end":{"line":59,"column":11}},"loc":{"start":{"line":59,"column":24},"end":{"line":59,"column":32}},"line":59},"32":{"name":"(anonymous_32)","decl":{"start":{"line":60,"column":11},"end":{"line":60,"column":12}},"loc":{"start":{"line":60,"column":22},"end":{"line":60,"column":29}},"line":60},"33":{"name":"(anonymous_33)","decl":{"start":{"line":61,"column":11},"end":{"line":61,"column":12}},"loc":{"start":{"line":61,"column":23},"end":{"line":64,"column":30}},"line":61},"34":{"name":"(anonymous_34)","decl":{"start":{"line":63,"column":10},"end":{"line":63,"column":11}},"loc":{"start":{"line":63,"column":24},"end":{"line":63,"column":32}},"line":63},"35":{"name":"(anonymous_35)","decl":{"start":{"line":64,"column":11},"end":{"line":64,"column":12}},"loc":{"start":{"line":64,"column":22},"end":{"line":64,"column":29}},"line":64},"36":{"name":"(anonymous_36)","decl":{"start":{"line":65,"column":18},"end":{"line":65,"column":19}},"loc":{"start":{"line":65,"column":30},"end":{"line":68,"column":30}},"line":65},"37":{"name":"(anonymous_37)","decl":{"start":{"line":67,"column":10},"end":{"line":67,"column":11}},"loc":{"start":{"line":67,"column":24},"end":{"line":67,"column":32}},"line":67},"38":{"name":"(anonymous_38)","decl":{"start":{"line":68,"column":11},"end":{"line":68,"column":12}},"loc":{"start":{"line":68,"column":22},"end":{"line":68,"column":29}},"line":68},"39":{"name":"(anonymous_39)","decl":{"start":{"line":69,"column":15},"end":{"line":69,"column":16}},"loc":{"start":{"line":69,"column":27},"end":{"line":72,"column":30}},"line":69},"40":{"name":"(anonymous_40)","decl":{"start":{"line":71,"column":10},"end":{"line":71,"column":11}},"loc":{"start":{"line":71,"column":24},"end":{"line":71,"column":32}},"line":71},"41":{"name":"(anonymous_41)","decl":{"start":{"line":72,"column":11},"end":{"line":72,"column":12}},"loc":{"start":{"line":72,"column":22},"end":{"line":72,"column":29}},"line":72},"42":{"name":"(anonymous_42)","decl":{"start":{"line":73,"column":13},"end":{"line":73,"column":14}},"loc":{"start":{"line":73,"column":19},"end":{"line":76,"column":28}},"line":73},"43":{"name":"(anonymous_43)","decl":{"start":{"line":75,"column":10},"end":{"line":75,"column":11}},"loc":{"start":{"line":75,"column":19},"end":{"line":75,"column":27}},"line":75},"44":{"name":"(anonymous_44)","decl":{"start":{"line":76,"column":11},"end":{"line":76,"column":12}},"loc":{"start":{"line":76,"column":20},"end":{"line":76,"column":27}},"line":76}},"branchMap":{"0":{"loc":{"start":{"line":4,"column":0},"end":{"line":12,"column":1}},"type":"if","locations":[{"start":{"line":4,"column":0},"end":{"line":12,"column":1}},{"start":{"line":4,"column":0},"end":{"line":12,"column":1}}],"line":4}},"s":{"0":2,"1":2,"2":2,"3":2,"4":2,"5":0,"6":0,"7":2,"8":2,"9":1,"10":0,"11":2,"12":1,"13":1,"14":1,"15":1,"16":0,"17":1,"18":1,"19":0,"20":1,"21":1,"22":0,"23":2,"24":2,"25":0,"26":3,"27":3,"28":0,"29":0,"30":0,"31":0,"32":0,"33":0,"34":0,"35":0,"36":0,"37":0,"38":0,"39":0,"40":0,"41":0,"42":0,"43":0,"44":0,"45":0,"46":0,"47":0,"48":0,"49":0,"50":0,"51":0,"52":0,"53":2},"f":{"0":2,"1":1,"2":0,"3":2,"4":1,"5":1,"6":1,"7":1,"8":0,"9":1,"10":1,"11":0,"12":1,"13":1,"14":0,"15":2,"16":2,"17":0,"18":3,"19":3,"20":0,"21":0,"22":0,"23":0,"24":0,"25":0,"26":0,"27":0,"28":0,"29":0,"30":0,"31":0,"32":0,"33":0,"34":0,"35":0,"36":0,"37":0,"38":0,"39":0,"40":0,"41":0,"42":0,"43":0,"44":0},"b":{"0":[2,0]},"_coverageSchema":"1a1c01bbd47fc00a2c39e90264f33305004495a9","hash":"030db6e106c10ddbfdc1db5051dddcb8977e0e4d"}
}
