TN:
SF:_tests_/env.config.js
FNF:0
FNH:0
DA:1,2
LF:1
LH:1
BRF:0
BRH:0
end_of_record
TN:
SF:_tests_/run-cloud.js
FN:15,(anonymous_0)
FN:17,(anonymous_1)
FN:18,(anonymous_2)
FN:19,(anonymous_3)
FN:21,(anonymous_4)
FN:22,(anonymous_5)
FN:23,(anonymous_6)
FN:25,(anonymous_7)
FN:26,(anonymous_8)
FN:27,(anonymous_9)
FN:29,(anonymous_10)
FN:30,(anonymous_11)
FN:31,(anonymous_12)
FN:33,(anonymous_13)
FN:34,(anonymous_14)
FN:35,(anonymous_15)
FN:37,(anonymous_16)
FN:38,(anonymous_17)
FN:39,(anonymous_18)
FN:41,(anonymous_19)
FN:44,(anonymous_20)
FN:45,(anonymous_21)
FN:47,(anonymous_22)
FN:48,(anonymous_23)
FN:49,(anonymous_24)
FN:51,(anonymous_25)
FN:52,(anonymous_26)
FN:53,(anonymous_27)
FN:55,(anonymous_28)
FN:56,(anonymous_29)
FN:57,(anonymous_30)
FN:59,(anonymous_31)
FN:60,(anonymous_32)
FN:61,(anonymous_33)
FN:63,(anonymous_34)
FN:64,(anonymous_35)
FN:65,(anonymous_36)
FN:67,(anonymous_37)
FN:68,(anonymous_38)
FN:69,(anonymous_39)
FN:71,(anonymous_40)
FN:72,(anonymous_41)
FN:73,(anonymous_42)
FN:75,(anonymous_43)
FN:76,(anonymous_44)
FNF:45
FNH:15
FNDA:2,(anonymous_0)
FNDA:1,(anonymous_1)
FNDA:0,(anonymous_2)
FNDA:2,(anonymous_3)
FNDA:1,(anonymous_4)
FNDA:1,(anonymous_5)
FNDA:1,(anonymous_6)
FNDA:1,(anonymous_7)
FNDA:0,(anonymous_8)
FNDA:1,(anonymous_9)
FNDA:1,(anonymous_10)
FNDA:0,(anonymous_11)
FNDA:1,(anonymous_12)
FNDA:1,(anonymous_13)
FNDA:0,(anonymous_14)
FNDA:2,(anonymous_15)
FNDA:2,(anonymous_16)
FNDA:0,(anonymous_17)
FNDA:3,(anonymous_18)
FNDA:3,(anonymous_19)
FNDA:0,(anonymous_20)
FNDA:0,(anonymous_21)
FNDA:0,(anonymous_22)
FNDA:0,(anonymous_23)
FNDA:0,(anonymous_24)
FNDA:0,(anonymous_25)
FNDA:0,(anonymous_26)
FNDA:0,(anonymous_27)
FNDA:0,(anonymous_28)
FNDA:0,(anonymous_29)
FNDA:0,(anonymous_30)
FNDA:0,(anonymous_31)
FNDA:0,(anonymous_32)
FNDA:0,(anonymous_33)
FNDA:0,(anonymous_34)
FNDA:0,(anonymous_35)
FNDA:0,(anonymous_36)
FNDA:0,(anonymous_37)
FNDA:0,(anonymous_38)
FNDA:0,(anonymous_39)
FNDA:0,(anonymous_40)
FNDA:0,(anonymous_41)
FNDA:0,(anonymous_42)
FNDA:0,(anonymous_43)
FNDA:0,(anonymous_44)
DA:1,2
DA:2,2
DA:4,2
DA:5,2
DA:6,2
DA:10,0
DA:11,0
DA:14,2
DA:15,2
DA:17,1
DA:18,0
DA:19,2
DA:21,1
DA:22,1
DA:23,1
DA:25,1
DA:26,0
DA:27,1
DA:29,1
DA:30,0
DA:31,1
DA:33,1
DA:34,0
DA:35,2
DA:37,2
DA:38,0
DA:39,3
DA:42,3
DA:44,0
DA:45,0
DA:47,0
DA:48,0
DA:49,0
DA:51,0
DA:52,0
DA:53,0
DA:55,0
DA:56,0
DA:57,0
DA:59,0
DA:60,0
DA:61,0
DA:63,0
DA:64,0
DA:65,0
DA:67,0
DA:68,0
DA:69,0
DA:71,0
DA:72,0
DA:73,0
DA:75,0
DA:76,0
DA:79,2
LF:54
LH:22
BRDA:4,0,0,2
BRDA:4,0,1,0
BRF:2
BRH:1
end_of_record
